<?xml version="1.0" encoding="UTF-8"?>
<!-- Generated by org.testng.reporters.JUnitXMLReporter -->
<testsuite ignored="0" hostname="DESKTOP-IUO30HJ" failures="0" tests="6" name="Test" time="71.303" errors="0" timestamp="2024-06-26T18:56:03 IST">
  <testcase classname="TestNG.Example11_parallel3" name="TC3" time="0.033"/>
  <testcase classname="TestNG.Example11_parallel1" name="TC1" time="0.034"/>
  <testcase classname="TestNG.Example11_parallel2" name="TC2" time="0.034"/>
  <testcase classname="TestNG.Example11_parallel1" name="openFacebookApp" time="69.046"/>
  <testcase classname="TestNG.Example11_parallel2" name="openFacebookApp" time="69.093"/>
  <testcase classname="TestNG.Example11_parallel3" name="openFacebookApp" time="71.17"/>
</testsuite> <!-- Test -->
